<?xml version="1.0" encoding="UTF-8"?>
<testsuite xmlns:xsi="http://www.w3.org/2001/XMLSchema-instance" xsi:noNamespaceSchemaLocation="https://maven.apache.org/surefire/maven-surefire-plugin/xsd/surefire-test-report.xsd" name="com.transferaccount.api.TransferAccountApplicationTests" time="5.278" tests="3" errors="3" skipped="0" failures="0">
  <properties>
[...]
</properties>
  <testcase name="testCreateAndFindANewAccount" classname="com.transferaccount.api.TransferAccountApplicationTests" time="0.069">
    <error type="java.lang.NullPointerException">java.lang.NullPointerException
	at com.transferaccount.api.TransferAccountApplicationTests.testCreateAndFindANewAccount(TransferAccountApplicationTests.java:39)
</error>
    <system-out><![CDATA[10:42:18.563 [main] DEBUG org.springframework.test.context.junit4.SpringJUnit4ClassRunner - SpringJUnit4ClassRunner constructor called with [class com.transferaccount.api.TransferAccountApplicationTests]
10:42:18.567 [main] DEBUG org.springframework.test.context.BootstrapUtils - Instantiating CacheAwareContextLoaderDelegate from class [org.springframework.test.context.cache.DefaultCacheAwareContextLoaderDelegate]
10:42:18.574 [main] DEBUG org.springframework.test.context.BootstrapUtils - Instantiating BootstrapContext using constructor [public org.springframework.test.context.support.DefaultBootstrapContext(java.lang.Class,org.springframework.test.context.CacheAwareContextLoaderDelegate)]
10:42:18.597 [main] DEBUG org.springframework.test.context.BootstrapUtils - Instantiating TestContextBootstrapper for test class [com.transferaccount.api.TransferAccountApplicationTests] from class [org.springframework.boot.test.context.SpringBootTestContextBootstrapper]
10:42:18.617 [main] INFO org.springframework.boot.test.context.SpringBootTestContextBootstrapper - Neither @ContextConfiguration nor @ContextHierarchy found for test class [com.transferaccount.api.TransferAccountApplicationTests], using SpringBootContextLoader
10:42:18.620 [main] DEBUG org.springframework.test.context.support.AbstractContextLoader - Did not detect default resource location for test class [com.transferaccount.api.TransferAccountApplicationTests]: class path resource [com/transferaccount/api/TransferAccountApplicationTests-context.xml] does not exist
10:42:18.621 [main] DEBUG org.springframework.test.context.support.AbstractContextLoader - Did not detect default resource location for test class [com.transferaccount.api.TransferAccountApplicationTests]: class path resource [com/transferaccount/api/TransferAccountApplicationTestsContext.groovy] does not exist
10:42:18.621 [main] INFO org.springframework.test.context.support.AbstractContextLoader - Could not detect default resource locations for test class [com.transferaccount.api.TransferAccountApplicationTests]: no resource found for suffixes {-context.xml, Context.groovy}.
10:42:18.622 [main] INFO org.springframework.test.context.support.AnnotationConfigContextLoaderUtils - Could not detect default configuration classes for test class [com.transferaccount.api.TransferAccountApplicationTests]: TransferAccountApplicationTests does not declare any static, non-private, non-final, nested classes annotated with @Configuration.
10:42:18.657 [main] DEBUG org.springframework.test.context.support.ActiveProfilesUtils - Could not find an 'annotation declaring class' for annotation type [org.springframework.test.context.ActiveProfiles] and class [com.transferaccount.api.TransferAccountApplicationTests]
10:42:18.717 [main] DEBUG org.springframework.context.annotation.ClassPathScanningCandidateComponentProvider - Identified candidate component class: file [/home/dbserver/Documentos/Projects/Cursos/api-challenge/target/classes/com/transferaccount/api/TransferAccountApplication.class]
10:42:18.718 [main] INFO org.springframework.boot.test.context.SpringBootTestContextBootstrapper - Found @SpringBootConfiguration com.transferaccount.api.TransferAccountApplication for test class com.transferaccount.api.TransferAccountApplicationTests
10:42:18.854 [main] DEBUG org.springframework.boot.test.context.SpringBootTestContextBootstrapper - @TestExecutionListeners is not present for class [com.transferaccount.api.TransferAccountApplicationTests]: using defaults.
10:42:18.854 [main] INFO org.springframework.boot.test.context.SpringBootTestContextBootstrapper - Loaded default TestExecutionListener class names from location [META-INF/spring.factories]: [org.springframework.boot.test.mock.mockito.MockitoTestExecutionListener, org.springframework.boot.test.mock.mockito.ResetMocksTestExecutionListener, org.springframework.boot.test.autoconfigure.restdocs.RestDocsTestExecutionListener, org.springframework.boot.test.autoconfigure.web.client.MockRestServiceServerResetTestExecutionListener, org.springframework.boot.test.autoconfigure.web.servlet.MockMvcPrintOnlyOnFailureTestExecutionListener, org.springframework.boot.test.autoconfigure.web.servlet.WebDriverTestExecutionListener, org.springframework.test.context.web.ServletTestExecutionListener, org.springframework.test.context.support.DirtiesContextBeforeModesTestExecutionListener, org.springframework.test.context.support.DependencyInjectionTestExecutionListener, org.springframework.test.context.support.DirtiesContextTestExecutionListener, org.springframework.test.context.transaction.TransactionalTestExecutionListener, org.springframework.test.context.jdbc.SqlScriptsTestExecutionListener]
10:42:18.865 [main] INFO org.springframework.boot.test.context.SpringBootTestContextBootstrapper - Using TestExecutionListeners: [org.springframework.test.context.web.ServletTestExecutionListener@71a8adcf, org.springframework.test.context.support.DirtiesContextBeforeModesTestExecutionListener@27462a88, org.springframework.boot.test.mock.mockito.MockitoTestExecutionListener@82de64a, org.springframework.boot.test.autoconfigure.SpringBootDependencyInjectionTestExecutionListener@659499f1, org.springframework.test.context.support.DirtiesContextTestExecutionListener@51e69659, org.springframework.test.context.transaction.TransactionalTestExecutionListener@47e2e487, org.springframework.test.context.jdbc.SqlScriptsTestExecutionListener@201a4587, org.springframework.boot.test.mock.mockito.ResetMocksTestExecutionListener@61001b64, org.springframework.boot.test.autoconfigure.restdocs.RestDocsTestExecutionListener@4310d43, org.springframework.boot.test.autoconfigure.web.client.MockRestServiceServerResetTestExecutionListener@54a7079e, org.springframework.boot.test.autoconfigure.web.servlet.MockMvcPrintOnlyOnFailureTestExecutionListener@26e356f0, org.springframework.boot.test.autoconfigure.web.servlet.WebDriverTestExecutionListener@47d9a273]
10:42:18.866 [main] DEBUG org.springframework.test.annotation.ProfileValueUtils - Retrieved @ProfileValueSourceConfiguration [null] for test class [com.transferaccount.api.TransferAccountApplicationTests]
10:42:18.867 [main] DEBUG org.springframework.test.annotation.ProfileValueUtils - Retrieved ProfileValueSource type [class org.springframework.test.annotation.SystemProfileValueSource] for class [com.transferaccount.api.TransferAccountApplicationTests]
10:42:18.868 [main] DEBUG org.springframework.test.annotation.ProfileValueUtils - Retrieved @ProfileValueSourceConfiguration [null] for test class [com.transferaccount.api.TransferAccountApplicationTests]
10:42:18.868 [main] DEBUG org.springframework.test.annotation.ProfileValueUtils - Retrieved ProfileValueSource type [class org.springframework.test.annotation.SystemProfileValueSource] for class [com.transferaccount.api.TransferAccountApplicationTests]
10:42:18.869 [main] DEBUG org.springframework.test.annotation.ProfileValueUtils - Retrieved @ProfileValueSourceConfiguration [null] for test class [com.transferaccount.api.TransferAccountApplicationTests]
10:42:18.869 [main] DEBUG org.springframework.test.annotation.ProfileValueUtils - Retrieved ProfileValueSource type [class org.springframework.test.annotation.SystemProfileValueSource] for class [com.transferaccount.api.TransferAccountApplicationTests]
10:42:18.872 [main] DEBUG org.springframework.test.context.support.AbstractDirtiesContextTestExecutionListener - Before test class: context [DefaultTestContext@6221a451 testClass = TransferAccountApplicationTests, testInstance = [null], testMethod = [null], testException = [null], mergedContextConfiguration = [WebMergedContextConfiguration@52719fb6 testClass = TransferAccountApplicationTests, locations = '{}', classes = '{class com.transferaccount.api.TransferAccountApplication}', contextInitializerClasses = '[]', activeProfiles = '{}', propertySourceLocations = '{}', propertySourceProperties = '{org.springframework.boot.test.context.SpringBootTestContextBootstrapper=true}', contextCustomizers = set[org.springframework.boot.test.context.filter.ExcludeFilterContextCustomizer@402e37bc, org.springframework.boot.test.json.DuplicateJsonObjectContextCustomizerFactory$DuplicateJsonObjectContextCustomizer@22635ba0, org.springframework.boot.test.mock.mockito.MockitoContextCustomizer@0, org.springframework.boot.test.web.client.TestRestTemplateContextCustomizer@223f3642, org.springframework.boot.test.autoconfigure.properties.PropertyMappingContextCustomizer@0, org.springframework.boot.test.autoconfigure.web.servlet.WebDriverContextCustomizerFactory$Customizer@2ddc8ecb], resourceBasePath = 'src/main/webapp', contextLoader = 'org.springframework.boot.test.context.SpringBootContextLoader', parent = [null]], attributes = map['org.springframework.test.context.web.ServletTestExecutionListener.activateListener' -> true]], class annotated with @DirtiesContext [false] with mode [null].
10:42:18.872 [main] DEBUG org.springframework.test.annotation.ProfileValueUtils - Retrieved @ProfileValueSourceConfiguration [null] for test class [com.transferaccount.api.TransferAccountApplicationTests]
10:42:18.872 [main] DEBUG org.springframework.test.annotation.ProfileValueUtils - Retrieved ProfileValueSource type [class org.springframework.test.annotation.SystemProfileValueSource] for class [com.transferaccount.api.TransferAccountApplicationTests]
10:42:18.890 [main] DEBUG org.springframework.test.context.support.TestPropertySourceUtils - Adding inlined properties to environment: {spring.jmx.enabled=false, org.springframework.boot.test.context.SpringBootTestContextBootstrapper=true, server.port=-1}

  .   ____          _            __ _ _
 /\\ / ___'_ __ _ _(_)_ __  __ _ \ \ \ \
( ( )\___ | '_ | '_| | '_ \/ _` | \ \ \ \
 \\/  ___)| |_)| | | | | || (_| |  ) ) ) )
  '  |____| .__|_| |_|_| |_\__, | / / / /
 =========|_|==============|___/=/_/_/_/
 :: Spring Boot ::        (v2.1.4.RELEASE)

2019-07-22 10:42:19.134  INFO 22526 --- [           main] c.t.api.TransferAccountApplicationTests  : Starting TransferAccountApplicationTests on dbserver-OptiPlex-7010 with PID 22526 (started by dbserver in /home/dbserver/Documentos/Projects/Cursos/api-challenge)
2019-07-22 10:42:19.135  INFO 22526 --- [           main] c.t.api.TransferAccountApplicationTests  : No active profile set, falling back to default profiles: default
2019-07-22 10:42:19.926  INFO 22526 --- [           main] .s.d.r.c.RepositoryConfigurationDelegate : Bootstrapping Spring Data repositories in DEFAULT mode.
2019-07-22 10:42:20.000  INFO 22526 --- [           main] .s.d.r.c.RepositoryConfigurationDelegate : Finished Spring Data repository scanning in 66ms. Found 3 repository interfaces.
2019-07-22 10:42:20.492  INFO 22526 --- [           main] trationDelegate$BeanPostProcessorChecker : Bean 'org.springframework.ws.config.annotation.DelegatingWsConfiguration' of type [org.springframework.ws.config.annotation.DelegatingWsConfiguration$$EnhancerBySpringCGLIB$$3d4a7791] is not eligible for getting processed by all BeanPostProcessors (for example: not eligible for auto-proxying)
2019-07-22 10:42:20.599  INFO 22526 --- [           main] .w.s.a.s.AnnotationActionEndpointMapping : Supporting [WS-Addressing August 2004, WS-Addressing 1.0]
2019-07-22 10:42:20.626  INFO 22526 --- [           main] trationDelegate$BeanPostProcessorChecker : Bean 'org.springframework.transaction.annotation.ProxyTransactionManagementConfiguration' of type [org.springframework.transaction.annotation.ProxyTransactionManagementConfiguration$$EnhancerBySpringCGLIB$$98b2b292] is not eligible for getting processed by all BeanPostProcessors (for example: not eligible for auto-proxying)
2019-07-22 10:42:20.651  INFO 22526 --- [           main] trationDelegate$BeanPostProcessorChecker : Bean 'org.springframework.hateoas.config.HateoasConfiguration' of type [org.springframework.hateoas.config.HateoasConfiguration$$EnhancerBySpringCGLIB$$1832ffc4] is not eligible for getting processed by all BeanPostProcessors (for example: not eligible for auto-proxying)
2019-07-22 10:42:20.840  INFO 22526 --- [           main] com.zaxxer.hikari.HikariDataSource       : HikariPool-1 - Starting...
2019-07-22 10:42:21.004  INFO 22526 --- [           main] com.zaxxer.hikari.HikariDataSource       : HikariPool-1 - Start completed.
2019-07-22 10:42:21.090  INFO 22526 --- [           main] o.hibernate.jpa.internal.util.LogHelper  : HHH000204: Processing PersistenceUnitInfo [
	name: default
	...]
2019-07-22 10:42:21.151  INFO 22526 --- [           main] org.hibernate.Version                    : HHH000412: Hibernate Core {5.3.9.Final}
2019-07-22 10:42:21.152  INFO 22526 --- [           main] org.hibernate.cfg.Environment            : HHH000206: hibernate.properties not found
2019-07-22 10:42:21.283  INFO 22526 --- [           main] o.hibernate.annotations.common.Version   : HCANN000001: Hibernate Commons Annotations {5.0.4.Final}
2019-07-22 10:42:21.413  INFO 22526 --- [           main] org.hibernate.dialect.Dialect            : HHH000400: Using dialect: org.hibernate.dialect.H2Dialect
2019-07-22 10:42:21.995  INFO 22526 --- [           main] o.h.t.schema.internal.SchemaCreatorImpl  : HHH000476: Executing import script 'org.hibernate.tool.schema.internal.exec.ScriptSourceInputNonExistentImpl@614cbec4'
2019-07-22 10:42:21.998  INFO 22526 --- [           main] j.LocalContainerEntityManagerFactoryBean : Initialized JPA EntityManagerFactory for persistence unit 'default'
2019-07-22 10:42:23.032  INFO 22526 --- [           main] o.s.s.concurrent.ThreadPoolTaskExecutor  : Initializing ExecutorService 'applicationTaskExecutor'
2019-07-22 10:42:23.086  WARN 22526 --- [           main] aWebConfiguration$JpaWebMvcConfiguration : spring.jpa.open-in-view is enabled by default. Therefore, database queries may be performed during view rendering. Explicitly configure spring.jpa.open-in-view to disable this warning
2019-07-22 10:42:23.605  INFO 22526 --- [           main] c.t.api.TransferAccountApplicationTests  : Started TransferAccountApplicationTests in 4.708 seconds (JVM running for 5.43)
]]></system-out>
  </testcase>
  <testcase name="testCreateAndFindANewMovement" classname="com.transferaccount.api.TransferAccountApplicationTests" time="0.002">
    <error type="java.lang.NullPointerException">java.lang.NullPointerException
	at com.transferaccount.api.TransferAccountApplicationTests.testCreateAndFindANewMovement(TransferAccountApplicationTests.java:55)
</error>
  </testcase>
  <testcase name="testCreateAndFindANewCustomer" classname="com.transferaccount.api.TransferAccountApplicationTests" time="0.002">
    <error type="java.lang.NullPointerException">java.lang.NullPointerException
	at com.transferaccount.api.TransferAccountApplicationTests.testCreateAndFindANewCustomer(TransferAccountApplicationTests.java:28)
</error>
  </testcase>
</testsuite>